Arguments: 
  C:\Program Files\nodejs\node.exe C:\Program Files (x86)\Yarn\bin\yarn.js add ev-emitter

PATH: 
  C:\Users\Admin\Desktop\clone\folio-v2\node_modules\.bin;C:\Users\Admin\Desktop\clone\node_modules\.bin;C:\Users\Admin\Desktop\node_modules\.bin;C:\Users\Admin\node_modules\.bin;C:\Users\node_modules\.bin;C:\node_modules\.bin;C:\Users\Admin\AppData\Roaming\npm\node_modules\npm\node_modules\@npmcli\run-script\lib\node-gyp-bin;C:\Windows\system32;C:\Windows;C:\Windows\System32\Wbem;C:\Windows\System32\WindowsPowerShell\v1.0\;C:\Windows\System32\OpenSSH\;C:\Program Files\nodejs\;C:\Program Files (x86)\Yarn\bin\;C:\Program Files\Microsoft SQL Server\150\Tools\Binn\;C:\Program Files\Microsoft SQL Server\Client SDK\ODBC\170\Tools\Binn\;C:\Program Files\dotnet\;C:\Program Files\Cloudflare\Cloudflare WARP\;D:\Git\cmd;C:\Program Files (x86)\Microsoft SQL Server\150\DTS\Binn\;C:\Program Files\Azure Data Studio\bin;C:\Program Files (x86)\Microsoft SQL Server\160\Tools\Binn\;C:\Program Files\Microsoft SQL Server\160\Tools\Binn\;C:\Program Files\Microsoft SQL Server\160\DTS\Binn\;C:\Program Files\NVIDIA Corporation\NVIDIA NvDLISR;C:\Program Files (x86)\NVIDIA Corporation\PhysX\Common;C:\Users\Admin\AppData\Local\Microsoft\WindowsApps;C:\Users\Admin\AppData\Roaming\npm;C:\Users\Admin\AppData\Local\Yarn\bin;C:\Users\Admin\.dotnet\tools;D:\VisualStudioCode\Microsoft VS Code\bin;C:\Program Files\Azure Data Studio\bin

Yarn version: 
  1.22.19

Node version: 
  18.12.1

Platform: 
  win32 x64

Trace: 
  Error: EPERM: operation not permitted, unlink 'C:\Users\Admin\Desktop\clone\folio-v2\node_modules\deasync\bin\win32-x64-node-18\deasync.node'

npm manifest: 
  {
    "name": "profile-rebuild",
    "version": "1.0.0",
    "main": "app.js",
    "license": "MIT",
    "scripts": {
      "start": "parcel src/index.html",
      "dev": "rimraf ./public && rimraf ./.cache && parcel src/index.html -d public -p",
      "build": "parcel build src/index.html -d dist --public-url ./"
    },
    "keywords": [],
    "author": "",
    "devDependencies": {
      "@babel/core": "^7.10.2",
      "@babel/plugin-transform-runtime": "^7.10.1",
      "@babel/runtime-corejs3": "^7.10.2",
      "mkdirp": "^1.0.4",
      "parcel-bundler": "^1.12.5",
      "rimraf": "^3.0.2",
      "sass": "^1.35.1"
    },
    "dependencies": {
      "gsap": "^3.7.0",
      "locomotive-scroll": "^4.1.1",
      "react-scripts": "^5.0.1",
      "regenerator-runtime": "^0.13.7"
    }
  }

yarn manifest: 
  No manifest

Lockfile: 
  No lockfile
